
═══════════════════════════════════════════════════
  🛠  TokensByte 开发环境启动器
═══════════════════════════════════════════════════

  [1] 本地开发  (推荐，编译速度快)
      Postgres 在 Docker 中运行
      后端 cargo watch + 前端 Vite HMR 在本地运行

  [2] Docker 开发  (全容器热重载)
      所有服务在 Docker 中运行
      源码挂载到容器，自动热更新

═══════════════════════════════════════════════════

请选择开发模式 [1/2] (默认 1): 
🚀 正在启动本地开发环境 (数据库在 Docker 中运行)...
 Container tokensbyte-postgres Running 
⏳ 等待数据库就绪...
✅ 数据库已就绪
⚠️ 未找到 cargo-watch，正在尝试自动安装 (这可能需要一小段时间)...
    Updating crates.io index
  Installing cargo-watch v8.5.3
    Updating crates.io index
     Locking 252 packages to latest compatible versions
      Adding cargo_metadata v0.18.1 (available: v0.23.1)
      Adding clap v2.34.0 (available: v4.6.1)
      Adding globset v0.4.6 (available: v0.4.18)
      Adding termcolor v1.1.3 (available: v1.4.1)
      Adding watchexec v1.17.2 (available: v8.2.0)
 Downloading crates ...
  Downloaded cargo_metadata v0.18.1
  Downloaded ansi_term v0.12.1
  Downloaded block2 v0.6.2
  Downloaded atty v0.2.14
  Downloaded bitflags v2.11.1
  Downloaded camino v1.2.2
  Downloaded aho-corasick v0.7.20
